  Compiling CUDA source file kernel.cu...
  
  C:\Users\75909\Documents\Visual Studio 2015\Projects\anime4k\anime4k>"C:\Program Files\NVIDIA GPU Computing Toolkit\CUDA\v10.1\bin\nvcc.exe" -gencode=arch=compute_35,code=\"sm_35,compute_35\" --use-local-env -ccbin "C:\Program Files (x86)\Microsoft Visual Studio 14.0\VC\bin\x86_amd64" -x cu  -I"C:\Program Files\NVIDIA GPU Computing Toolkit\CUDA\v10.1\include" -I"C:\Program Files\NVIDIA GPU Computing Toolkit\CUDA\v10.1\include"     --keep-dir x64\Release -maxrregcount=0  --machine 64 --compile -cudart static     -DWIN32 -DWIN64 -DNDEBUG -D_CONSOLE -D_MBCS -Xcompiler "/EHsc /W3 /nologo /O2 /Fdx64\Release\vc140.pdb /FS /Zi  /MD " -o x64\Release\kernel.cu.obj "C:\Users\75909\Documents\Visual Studio 2015\Projects\anime4k\anime4k\kernel.cu" 
C:/Users/75909/Documents/Visual Studio 2015/Projects/anime4k/anime4k/kernel.cu : warning C4819: 该文件包含不能在当前代码页(936)中表示的字符。请将该文件保存为 Unicode 格式以防止数据丢失
c:\program files\nvidia gpu computing toolkit\cuda\v10.1\include\crt\math_functions.h : warning C4819: 该文件包含不能在当前代码页(936)中表示的字符。请将该文件保存为 Unicode 格式以防止数据丢失
c:\program files\nvidia gpu computing toolkit\cuda\v10.1\include\crt\math_functions.h(825): warning C4819: 该文件包含不能在当前代码页(936)中表示的字符。请将该文件保存为 Unicode 格式以防止数据丢失
c:\program files\nvidia gpu computing toolkit\cuda\v10.1\include\crt\math_functions.h(1760): warning C4819: 该文件包含不能在当前代码页(936)中表示的字符。请将该文件保存为 Unicode 格式以防止数据丢失
c:\program files\nvidia gpu computing toolkit\cuda\v10.1\include\crt\math_functions.h(2622): warning C4819: 该文件包含不能在当前代码页(936)中表示的字符。请将该文件保存为 Unicode 格式以防止数据丢失
c:\program files\nvidia gpu computing toolkit\cuda\v10.1\include\crt\math_functions.h(3461): warning C4819: 该文件包含不能在当前代码页(936)中表示的字符。请将该文件保存为 Unicode 格式以防止数据丢失
c:\program files\nvidia gpu computing toolkit\cuda\v10.1\include\crt\math_functions.h(4404): warning C4819: 该文件包含不能在当前代码页(936)中表示的字符。请将该文件保存为 Unicode 格式以防止数据丢失
c:\program files\nvidia gpu computing toolkit\cuda\v10.1\include\crt\math_functions.h(5302): warning C4819: 该文件包含不能在当前代码页(936)中表示的字符。请将该文件保存为 Unicode 格式以防止数据丢失
c:\program files\nvidia gpu computing toolkit\cuda\v10.1\include\crt\math_functions.h(6213): warning C4819: 该文件包含不能在当前代码页(936)中表示的字符。请将该文件保存为 Unicode 格式以防止数据丢失
c:\program files\nvidia gpu computing toolkit\cuda\v10.1\include\crt\math_functions.h(7094): warning C4819: 该文件包含不能在当前代码页(936)中表示的字符。请将该文件保存为 Unicode 格式以防止数据丢失
c:\program files\nvidia gpu computing toolkit\cuda\v10.1\include\crt\math_functions.h(7893): warning C4819: 该文件包含不能在当前代码页(936)中表示的字符。请将该文件保存为 Unicode 格式以防止数据丢失
c:\program files\nvidia gpu computing toolkit\cuda\v10.1\include\crt/device_functions.h : warning C4819: 该文件包含不能在当前代码页(936)中表示的字符。请将该文件保存为 Unicode 格式以防止数据丢失
c:\program files\nvidia gpu computing toolkit\cuda\v10.1\include\crt/device_functions.h(774): warning C4819: 该文件包含不能在当前代码页(936)中表示的字符。请将该文件保存为 Unicode 格式以防止数据丢失
c:\program files\nvidia gpu computing toolkit\cuda\v10.1\include\crt/device_functions.h(1629): warning C4819: 该文件包含不能在当前代码页(936)中表示的字符。请将该文件保存为 Unicode 格式以防止数据丢失
c:\program files\nvidia gpu computing toolkit\cuda\v10.1\include\crt\device_double_functions.h : warning C4819: 该文件包含不能在当前代码页(936)中表示的字符。请将该文件保存为 Unicode 格式以防止数据丢失
c:\program files\nvidia gpu computing toolkit\cuda\v10.1\include\sm_20_intrinsics.h : warning C4819: 该文件包含不能在当前代码页(936)中表示的字符。请将该文件保存为 Unicode 格式以防止数据丢失
c:\program files\nvidia gpu computing toolkit\cuda\v10.1\include\sm_20_intrinsics.h(926): warning C4819: 该文件包含不能在当前代码页(936)中表示的字符。请将该文件保存为 Unicode 格式以防止数据丢失
C:\Users\75909\opencv\build\include\opencv2/stitching/detail/warpers.hpp(213): warning : overloaded virtual function "cv::detail::PlaneWarper::buildMaps" is only partially overridden in class "cv::detail::AffineWarper"
  
C:\Users\75909\opencv\build\include\opencv2/stitching/detail/warpers.hpp(213): warning : overloaded virtual function "cv::detail::PlaneWarper::warp" is only partially overridden in class "cv::detail::AffineWarper"
  
C:\Users\75909\opencv\build\include\opencv2/stitching/detail/blenders.hpp(100): warning : overloaded virtual function "cv::detail::Blender::prepare" is only partially overridden in class "cv::detail::FeatherBlender"
  
C:\Users\75909\opencv\build\include\opencv2/stitching/detail/blenders.hpp(127): warning : overloaded virtual function "cv::detail::Blender::prepare" is only partially overridden in class "cv::detail::MultiBandBlender"
  
C:/Users/75909/Documents/Visual Studio 2015/Projects/anime4k/anime4k/kernel.cu : warning C4819: 该文件包含不能在当前代码页(936)中表示的字符。请将该文件保存为 Unicode 格式以防止数据丢失
c:\program files\nvidia gpu computing toolkit\cuda\v10.1\include\crt\math_functions.h : warning C4819: 该文件包含不能在当前代码页(936)中表示的字符。请将该文件保存为 Unicode 格式以防止数据丢失
c:\program files\nvidia gpu computing toolkit\cuda\v10.1\include\crt\math_functions.h(825): warning C4819: 该文件包含不能在当前代码页(936)中表示的字符。请将该文件保存为 Unicode 格式以防止数据丢失
c:\program files\nvidia gpu computing toolkit\cuda\v10.1\include\crt\math_functions.h(1760): warning C4819: 该文件包含不能在当前代码页(936)中表示的字符。请将该文件保存为 Unicode 格式以防止数据丢失
c:\program files\nvidia gpu computing toolkit\cuda\v10.1\include\crt\math_functions.h(2622): warning C4819: 该文件包含不能在当前代码页(936)中表示的字符。请将该文件保存为 Unicode 格式以防止数据丢失
c:\program files\nvidia gpu computing toolkit\cuda\v10.1\include\crt\math_functions.h(3461): warning C4819: 该文件包含不能在当前代码页(936)中表示的字符。请将该文件保存为 Unicode 格式以防止数据丢失
c:\program files\nvidia gpu computing toolkit\cuda\v10.1\include\crt\math_functions.h(4404): warning C4819: 该文件包含不能在当前代码页(936)中表示的字符。请将该文件保存为 Unicode 格式以防止数据丢失
c:\program files\nvidia gpu computing toolkit\cuda\v10.1\include\crt\math_functions.h(5302): warning C4819: 该文件包含不能在当前代码页(936)中表示的字符。请将该文件保存为 Unicode 格式以防止数据丢失
c:\program files\nvidia gpu computing toolkit\cuda\v10.1\include\crt\math_functions.h(6213): warning C4819: 该文件包含不能在当前代码页(936)中表示的字符。请将该文件保存为 Unicode 格式以防止数据丢失
c:\program files\nvidia gpu computing toolkit\cuda\v10.1\include\crt\math_functions.h(7094): warning C4819: 该文件包含不能在当前代码页(936)中表示的字符。请将该文件保存为 Unicode 格式以防止数据丢失
c:\program files\nvidia gpu computing toolkit\cuda\v10.1\include\crt\math_functions.h(7893): warning C4819: 该文件包含不能在当前代码页(936)中表示的字符。请将该文件保存为 Unicode 格式以防止数据丢失
c:\program files\nvidia gpu computing toolkit\cuda\v10.1\include\crt/device_functions.h : warning C4819: 该文件包含不能在当前代码页(936)中表示的字符。请将该文件保存为 Unicode 格式以防止数据丢失
c:\program files\nvidia gpu computing toolkit\cuda\v10.1\include\crt/device_functions.h(774): warning C4819: 该文件包含不能在当前代码页(936)中表示的字符。请将该文件保存为 Unicode 格式以防止数据丢失
c:\program files\nvidia gpu computing toolkit\cuda\v10.1\include\crt/device_functions.h(1629): warning C4819: 该文件包含不能在当前代码页(936)中表示的字符。请将该文件保存为 Unicode 格式以防止数据丢失
c:\program files\nvidia gpu computing toolkit\cuda\v10.1\include\crt\device_double_functions.h : warning C4819: 该文件包含不能在当前代码页(936)中表示的字符。请将该文件保存为 Unicode 格式以防止数据丢失
c:\program files\nvidia gpu computing toolkit\cuda\v10.1\include\sm_20_intrinsics.h : warning C4819: 该文件包含不能在当前代码页(936)中表示的字符。请将该文件保存为 Unicode 格式以防止数据丢失
c:\program files\nvidia gpu computing toolkit\cuda\v10.1\include\sm_20_intrinsics.h(926): warning C4819: 该文件包含不能在当前代码页(936)中表示的字符。请将该文件保存为 Unicode 格式以防止数据丢失
C:\Users\75909\opencv\build\include\opencv2/stitching/detail/warpers.hpp(213): warning : overloaded virtual function "cv::detail::PlaneWarper::buildMaps" is only partially overridden in class "cv::detail::AffineWarper"
  
C:\Users\75909\opencv\build\include\opencv2/stitching/detail/warpers.hpp(213): warning : overloaded virtual function "cv::detail::PlaneWarper::warp" is only partially overridden in class "cv::detail::AffineWarper"
  
C:\Users\75909\opencv\build\include\opencv2/stitching/detail/blenders.hpp(100): warning : overloaded virtual function "cv::detail::Blender::prepare" is only partially overridden in class "cv::detail::FeatherBlender"
  
C:\Users\75909\opencv\build\include\opencv2/stitching/detail/blenders.hpp(127): warning : overloaded virtual function "cv::detail::Blender::prepare" is only partially overridden in class "cv::detail::MultiBandBlender"
  
  kernel.cu
c:\program files\nvidia gpu computing toolkit\cuda\v10.1\include\crt\math_functions.h : warning C4819: 该文件包含不能在当前代码页(936)中表示的字符。请将该文件保存为 Unicode 格式以防止数据丢失
c:\program files\nvidia gpu computing toolkit\cuda\v10.1\include\crt\math_functions.h(825): warning C4819: 该文件包含不能在当前代码页(936)中表示的字符。请将该文件保存为 Unicode 格式以防止数据丢失
c:\program files\nvidia gpu computing toolkit\cuda\v10.1\include\crt\math_functions.h(1760): warning C4819: 该文件包含不能在当前代码页(936)中表示的字符。请将该文件保存为 Unicode 格式以防止数据丢失
c:\program files\nvidia gpu computing toolkit\cuda\v10.1\include\crt\math_functions.h(2622): warning C4819: 该文件包含不能在当前代码页(936)中表示的字符。请将该文件保存为 Unicode 格式以防止数据丢失
c:\program files\nvidia gpu computing toolkit\cuda\v10.1\include\crt\math_functions.h(3461): warning C4819: 该文件包含不能在当前代码页(936)中表示的字符。请将该文件保存为 Unicode 格式以防止数据丢失
c:\program files\nvidia gpu computing toolkit\cuda\v10.1\include\crt\math_functions.h(4404): warning C4819: 该文件包含不能在当前代码页(936)中表示的字符。请将该文件保存为 Unicode 格式以防止数据丢失
c:\program files\nvidia gpu computing toolkit\cuda\v10.1\include\crt\math_functions.h(5302): warning C4819: 该文件包含不能在当前代码页(936)中表示的字符。请将该文件保存为 Unicode 格式以防止数据丢失
c:\program files\nvidia gpu computing toolkit\cuda\v10.1\include\crt\math_functions.h(6213): warning C4819: 该文件包含不能在当前代码页(936)中表示的字符。请将该文件保存为 Unicode 格式以防止数据丢失
c:\program files\nvidia gpu computing toolkit\cuda\v10.1\include\crt\math_functions.h(7094): warning C4819: 该文件包含不能在当前代码页(936)中表示的字符。请将该文件保存为 Unicode 格式以防止数据丢失
c:\program files\nvidia gpu computing toolkit\cuda\v10.1\include\crt\math_functions.h(7893): warning C4819: 该文件包含不能在当前代码页(936)中表示的字符。请将该文件保存为 Unicode 格式以防止数据丢失
    正在创建库 C:\Users\75909\Documents\Visual Studio 2015\Projects\anime4k\x64\Release\anime4k.lib 和对象 C:\Users\75909\Documents\Visual Studio 2015\Projects\anime4k\x64\Release\anime4k.exp
  LINK : 已指定 /LTCG，但不需要生成代码；从链接命令行中移除 /LTCG 以提高链接器性能
  anime4k.vcxproj -> C:\Users\75909\Documents\Visual Studio 2015\Projects\anime4k\x64\Release\anime4k.exe
  anime4k.vcxproj -> C:\Users\75909\Documents\Visual Studio 2015\Projects\anime4k\x64\Release\anime4k.pdb (Full PDB)
